<karazeh>
  <release tag="0.1.2">
    <create>
      <source checksum="3ba3d3767c9c8768f449c3cbfe559796" size="221">
        <![CDATA[/0.1.2/data/media/materials/scripts/skies.material]]>
      </source>
      <destination><![CDATA[/data/media/materials/scripts/skies.material]]></destination>
    </create>

    <delete>
      <target><![CDATA[/bin/test]]></target>
    </delete>
    <create executable="true">
      <source checksum="ec5656da77dfaa00e2de49eeb17067ea" size="6653">
        <![CDATA[/0.1.2/bin/test]]>
      </source>
      <destination><![CDATA[/bin/test]]></destination>
    </create>

  </release>
</karazeh>