<karazeh>
  <release tag="0.1.1">
    <create>
      <source checksum="3858f62230ac3c915f300c664312c63f" size="6">
        <![CDATA[/0.1.1/data/media/materials/programs/celshader.cg]]>
      </source>
      <destination><![CDATA[/data/media/materials/programs/celshader.cg]]></destination>
    </create>

    <delete>
      <target><![CDATA[/bin/test]]></target>
    </delete>
    <create executable="true">
      <source checksum="12ef352ba60230160b94ac1993f12144" size="6653">
        <![CDATA[/0.1.1/bin/test]]>
      </source>
      <destination><![CDATA[/bin/test]]></destination>
    </create>
    
    <create>
      <source checksum="87610a2ca1502b363c88e36ee7c61aa6" size="1126635520">
        <![CDATA[/0.1.1/data/archive.tar]]>
      </source>
      <destination><![CDATA[/data/archive.tar]]></destination>
    </create>

  </release>
</karazeh>