<karazeh>
  <release version="0.1.0">
    
    <!-- <meta name="changelist" value="http://localhost:9333/patches/changelist/0.1.0.txt" /> -->
    <!-- <meta name="checksum" value="foobar" /> -->
    <!-- <meta name="archived" value="false" /> -->

    <create>
      <source checksum="24503791648d71bfc7438cdc8ac69294" size="26"><![CDATA[/create_me.00.txt]]></source>
      <destination><![CDATA[/tmp/create_me.00.txt]]></destination>
    </create>

  </release>
</karazeh>